0 info it worked if it ends with ok
1 verbose cli [ '/Users/kaitokinjo/.nodebrew/node/v5.0.0/bin/node',
1 verbose cli   '/Users/kaitokinjo/.nodebrew/current/bin/npm',
1 verbose cli   'i',
1 verbose cli   '--save-dev',
1 verbose cli   'child_process' ]
2 info using npm@3.3.6
3 info using node@v5.0.0
4 silly loadCurrentTree Starting
5 silly install loadCurrentTree
6 silly install readLocalPackageData
7 silly fetchPackageMetaData child_process
8 silly fetchNamedPackageData child_process
9 silly mapToRegistry name child_process
10 silly mapToRegistry using default registry
11 silly mapToRegistry registry http://registry.npmjs.org/
12 silly mapToRegistry uri http://registry.npmjs.org/child_process
13 verbose request uri http://registry.npmjs.org/child_process
14 verbose request no auth needed
15 info attempt registry request try #1 at 11:01:59
16 verbose request id 24237c9f967a92b2
17 http request GET http://registry.npmjs.org/child_process
18 http 404 http://registry.npmjs.org/child_process
19 verbose headers { 'content-type': 'application/json',
19 verbose headers   'cache-control': 'max-age=0',
19 verbose headers   'content-length': '2',
19 verbose headers   'accept-ranges': 'bytes',
19 verbose headers   date: 'Tue, 28 Jun 2016 02:01:59 GMT',
19 verbose headers   via: '1.1 varnish',
19 verbose headers   age: '0',
19 verbose headers   connection: 'keep-alive',
19 verbose headers   'x-served-by': 'cache-itm7420-ITM',
19 verbose headers   'x-cache': 'MISS',
19 verbose headers   'x-cache-hits': '0',
19 verbose headers   'x-timer': 'S1467079318.917313,VS0,VE623',
19 verbose headers   vary: 'Accept-Encoding' }
20 silly get cb [ 404,
20 silly get   { 'content-type': 'application/json',
20 silly get     'cache-control': 'max-age=0',
20 silly get     'content-length': '2',
20 silly get     'accept-ranges': 'bytes',
20 silly get     date: 'Tue, 28 Jun 2016 02:01:59 GMT',
20 silly get     via: '1.1 varnish',
20 silly get     age: '0',
20 silly get     connection: 'keep-alive',
20 silly get     'x-served-by': 'cache-itm7420-ITM',
20 silly get     'x-cache': 'MISS',
20 silly get     'x-cache-hits': '0',
20 silly get     'x-timer': 'S1467079318.917313,VS0,VE623',
20 silly get     vary: 'Accept-Encoding' } ]
21 silly fetchPackageMetaData Error: Registry returned 404 for GET on http://registry.npmjs.org/child_process
21 silly fetchPackageMetaData     at makeError (/Users/kaitokinjo/.nodebrew/node/v5.0.0/lib/node_modules/npm/node_modules/npm-registry-client/lib/request.js:264:12)
21 silly fetchPackageMetaData     at CachingRegistryClient.<anonymous> (/Users/kaitokinjo/.nodebrew/node/v5.0.0/lib/node_modules/npm/node_modules/npm-registry-client/lib/request.js:242:14)
21 silly fetchPackageMetaData     at Request._callback (/Users/kaitokinjo/.nodebrew/node/v5.0.0/lib/node_modules/npm/node_modules/npm-registry-client/lib/request.js:172:14)
21 silly fetchPackageMetaData     at Request.self.callback (/Users/kaitokinjo/.nodebrew/node/v5.0.0/lib/node_modules/npm/node_modules/request/request.js:198:22)
21 silly fetchPackageMetaData     at emitTwo (events.js:87:13)
21 silly fetchPackageMetaData     at Request.emit (events.js:172:7)
21 silly fetchPackageMetaData     at Request.<anonymous> (/Users/kaitokinjo/.nodebrew/node/v5.0.0/lib/node_modules/npm/node_modules/request/request.js:1063:14)
21 silly fetchPackageMetaData     at emitOne (events.js:82:20)
21 silly fetchPackageMetaData     at Request.emit (events.js:169:7)
21 silly fetchPackageMetaData     at IncomingMessage.<anonymous> (/Users/kaitokinjo/.nodebrew/node/v5.0.0/lib/node_modules/npm/node_modules/request/request.js:1009:12)
21 silly fetchPackageMetaData  error for child_process { [Error: Registry returned 404 for GET on http://registry.npmjs.org/child_process] pkgid: 'child_process', statusCode: 404, code: 'E404' }
22 silly rollbackFailedOptional Starting
23 silly rollbackFailedOptional Finishing
24 silly runTopLevelLifecycles Starting
25 silly runTopLevelLifecycles Finishing
26 silly install printInstalled
27 verbose stack Error: Registry returned 404 for GET on http://registry.npmjs.org/child_process
27 verbose stack     at makeError (/Users/kaitokinjo/.nodebrew/node/v5.0.0/lib/node_modules/npm/node_modules/npm-registry-client/lib/request.js:264:12)
27 verbose stack     at CachingRegistryClient.<anonymous> (/Users/kaitokinjo/.nodebrew/node/v5.0.0/lib/node_modules/npm/node_modules/npm-registry-client/lib/request.js:242:14)
27 verbose stack     at Request._callback (/Users/kaitokinjo/.nodebrew/node/v5.0.0/lib/node_modules/npm/node_modules/npm-registry-client/lib/request.js:172:14)
27 verbose stack     at Request.self.callback (/Users/kaitokinjo/.nodebrew/node/v5.0.0/lib/node_modules/npm/node_modules/request/request.js:198:22)
27 verbose stack     at emitTwo (events.js:87:13)
27 verbose stack     at Request.emit (events.js:172:7)
27 verbose stack     at Request.<anonymous> (/Users/kaitokinjo/.nodebrew/node/v5.0.0/lib/node_modules/npm/node_modules/request/request.js:1063:14)
27 verbose stack     at emitOne (events.js:82:20)
27 verbose stack     at Request.emit (events.js:169:7)
27 verbose stack     at IncomingMessage.<anonymous> (/Users/kaitokinjo/.nodebrew/node/v5.0.0/lib/node_modules/npm/node_modules/request/request.js:1009:12)
28 verbose statusCode 404
29 verbose pkgid child_process
30 verbose cwd /Users/kaitokinjo/work/github/paper
31 error Darwin 15.5.0
32 error argv "/Users/kaitokinjo/.nodebrew/node/v5.0.0/bin/node" "/Users/kaitokinjo/.nodebrew/current/bin/npm" "i" "--save-dev" "child_process"
33 error node v5.0.0
34 error npm  v3.3.6
35 error code E404
36 error 404 Registry returned 404 for GET on http://registry.npmjs.org/child_process
36 error 404
36 error 404 'child_process' is not in the npm registry.
36 error 404 Your package name is not valid, because
36 error 404
36 error 404  1. child_process is a core module name
36 error 404
36 error 404 Note that you can also install from a
36 error 404 tarball, folder, http url, or git url.
37 verbose exit [ 1, true ]
